<?xml version="1.0" encoding="UTF-8"?>
<!-- Generated by org.testng.reporters.JUnitReportReporter -->
<testsuite name="com.qa.TestCases.TasksPageTest" tests="1" time="18.546" ignored="0" failures="0" timestamp="26 May 2020 06:48:42 GMT" skipped="0" hostname="DESKTOP-9B1Q1FM" errors="0">
  <testcase name="validateTasksPageTest" time="18.546" classname="com.qa.TestCases.TasksPageTest"/>
</testsuite> <!-- com.qa.TestCases.TasksPageTest -->
