<?xml version="1.0" encoding="UTF-8"?>
<!-- Generated by org.testng.reporters.JUnitReportReporter -->
<testsuite name="com.qa.TestCases.LoginPageTest" tests="2" time="23.737" ignored="0" failures="0" timestamp="26 May 2020 06:48:42 GMT" skipped="0" hostname="DESKTOP-9B1Q1FM" errors="0">
  <testcase name="LoginPageTitleTest" time="11.721" classname="com.qa.TestCases.LoginPageTest"/>
  <testcase name="loginTest" time="12.016" classname="com.qa.TestCases.LoginPageTest"/>
</testsuite> <!-- com.qa.TestCases.LoginPageTest -->
