<?xml version="1.0" encoding="UTF-8"?>
<!-- Generated by org.testng.reporters.JUnitReportReporter -->
<testsuite name="com.qa.TestCases.HomePageTest" tests="2" time="29.981" ignored="0" failures="0" timestamp="29 May 2020 04:46:01 GMT" skipped="0" hostname="DESKTOP-9B1Q1FM" errors="0">
  <testcase name="clickOnTasksButton" time="16.201" classname="com.qa.TestCases.HomePageTest"/>
  <testcase name="verifyHomePageTitleTest" time="13.780" classname="com.qa.TestCases.HomePageTest"/>
</testsuite> <!-- com.qa.TestCases.HomePageTest -->
